INFO 2025-05-11 14:35:06,660 basehttp 11684 1576 "POST /admin/events/event/ HTTP/1.1" 200 14518
INFO 2025-05-11 14:35:06,660 basehttp 11684 1576 "POST /admin/events/event/ HTTP/1.1" 200 14518
INFO 2025-05-11 14:35:06,686 basehttp 11684 1576 "GET /static/admin/css/base.css HTTP/1.1" 304 0
INFO 2025-05-11 14:35:06,686 basehttp 11684 1576 "GET /static/admin/css/base.css HTTP/1.1" 304 0
INFO 2025-05-11 14:35:06,687 basehttp 11684 17840 "GET /static/admin/css/dark_mode.css HTTP/1.1" 304 0
INFO 2025-05-11 14:35:06,687 basehttp 11684 17840 "GET /static/admin/css/dark_mode.css HTTP/1.1" 304 0
INFO 2025-05-11 14:35:06,693 basehttp 11684 17840 "GET /static/admin/js/theme.js HTTP/1.1" 304 0
INFO 2025-05-11 14:35:06,693 basehttp 11684 21536 "GET /static/admin/js/vendor/jquery/jquery.js HTTP/1.1" 304 0
INFO 2025-05-11 14:35:06,694 basehttp 11684 1576 "GET /static/admin/css/nav_sidebar.css HTTP/1.1" 304 0
INFO 2025-05-11 14:35:06,693 basehttp 11684 17840 "GET /static/admin/js/theme.js HTTP/1.1" 304 0
INFO 2025-05-11 14:35:06,694 basehttp 11684 6072 "GET /static/admin/js/jquery.init.js HTTP/1.1" 304 0
INFO 2025-05-11 14:35:06,694 basehttp 11684 24460 "GET /static/admin/js/core.js HTTP/1.1" 304 0
INFO 2025-05-11 14:35:06,693 basehttp 11684 21536 "GET /static/admin/js/vendor/jquery/jquery.js HTTP/1.1" 304 0
INFO 2025-05-11 14:35:06,694 basehttp 11684 22968 "GET /static/admin/js/admin/RelatedObjectLookups.js HTTP/1.1" 304 0
INFO 2025-05-11 14:35:06,694 basehttp 11684 1576 "GET /static/admin/css/nav_sidebar.css HTTP/1.1" 304 0
INFO 2025-05-11 14:35:06,694 basehttp 11684 6072 "GET /static/admin/js/jquery.init.js HTTP/1.1" 304 0
INFO 2025-05-11 14:35:06,694 basehttp 11684 24460 "GET /static/admin/js/core.js HTTP/1.1" 304 0
INFO 2025-05-11 14:35:06,694 basehttp 11684 22968 "GET /static/admin/js/admin/RelatedObjectLookups.js HTTP/1.1" 304 0
INFO 2025-05-11 14:35:06,696 basehttp 11684 17840 "GET /static/admin/css/responsive.css HTTP/1.1" 304 0
INFO 2025-05-11 14:35:06,696 basehttp 11684 17840 "GET /static/admin/css/responsive.css HTTP/1.1" 304 0
INFO 2025-05-11 14:35:06,698 basehttp 11684 24460 "GET /static/admin/js/prepopulate.js HTTP/1.1" 304 0
INFO 2025-05-11 14:35:06,698 basehttp 11684 1576 "GET /static/admin/js/vendor/xregexp/xregexp.js HTTP/1.1" 304 0
INFO 2025-05-11 14:35:06,699 basehttp 11684 21536 "GET /static/admin/js/actions.js HTTP/1.1" 304 0
INFO 2025-05-11 14:35:06,698 basehttp 11684 24460 "GET /static/admin/js/prepopulate.js HTTP/1.1" 304 0
INFO 2025-05-11 14:35:06,698 basehttp 11684 1576 "GET /static/admin/js/vendor/xregexp/xregexp.js HTTP/1.1" 304 0
INFO 2025-05-11 14:35:06,699 basehttp 11684 6072 "GET /static/admin/js/urlify.js HTTP/1.1" 304 0
INFO 2025-05-11 14:35:06,699 basehttp 11684 21536 "GET /static/admin/js/actions.js HTTP/1.1" 304 0
INFO 2025-05-11 14:35:06,699 basehttp 11684 6072 "GET /static/admin/js/urlify.js HTTP/1.1" 304 0
INFO 2025-05-11 14:35:06,706 basehttp 11684 6072 "GET /static/admin/js/nav_sidebar.js HTTP/1.1" 304 0
INFO 2025-05-11 14:35:06,706 basehttp 11684 6072 "GET /static/admin/js/nav_sidebar.js HTTP/1.1" 304 0
INFO 2025-05-11 14:35:06,716 basehttp 11684 6072 "GET /static/admin/img/icon-addlink.svg HTTP/1.1" 304 0
INFO 2025-05-11 14:35:06,716 basehttp 11684 6072 "GET /static/admin/img/icon-addlink.svg HTTP/1.1" 304 0
INFO 2025-05-11 14:35:07,632 basehttp 11684 6072 "POST /admin/events/event/ HTTP/1.1" 302 0
INFO 2025-05-11 14:35:07,632 basehttp 11684 6072 "POST /admin/events/event/ HTTP/1.1" 302 0
INFO 2025-05-11 14:35:07,761 basehttp 11684 6072 "GET /admin/events/event/ HTTP/1.1" 200 16188
INFO 2025-05-11 14:35:07,761 basehttp 11684 6072 "GET /admin/events/event/ HTTP/1.1" 200 16188
INFO 2025-05-11 14:35:07,780 basehttp 11684 6072 "GET /static/admin/css/changelists.css HTTP/1.1" 304 0
INFO 2025-05-11 14:35:07,780 basehttp 11684 6072 "GET /static/admin/css/changelists.css HTTP/1.1" 304 0
INFO 2025-05-11 14:35:07,780 basehttp 11684 21536 "GET /static/admin/img/search.svg HTTP/1.1" 304 0
INFO 2025-05-11 14:35:07,780 basehttp 11684 21536 "GET /static/admin/img/search.svg HTTP/1.1" 304 0
INFO 2025-05-11 14:35:07,784 basehttp 11684 21536 "GET /static/admin/js/filters.js HTTP/1.1" 304 0
INFO 2025-05-11 14:35:07,784 basehttp 11684 21536 "GET /static/admin/js/filters.js HTTP/1.1" 304 0
INFO 2025-05-11 14:35:07,922 basehttp 11684 1576 "GET /admin/jsi18n/ HTTP/1.1" 200 3342
INFO 2025-05-11 14:35:07,922 basehttp 11684 1576 "GET /admin/jsi18n/ HTTP/1.1" 200 3342
INFO 2025-05-11 14:35:07,934 basehttp 11684 21536 "GET /static/admin/img/icon-viewlink.svg HTTP/1.1" 304 0
INFO 2025-05-11 14:35:07,934 basehttp 11684 1576 "GET /static/admin/img/tooltag-add.svg HTTP/1.1" 304 0
INFO 2025-05-11 14:35:07,934 basehttp 11684 21536 "GET /static/admin/img/icon-viewlink.svg HTTP/1.1" 304 0
INFO 2025-05-11 14:35:07,934 basehttp 11684 1576 "GET /static/admin/img/tooltag-add.svg HTTP/1.1" 304 0
INFO 2025-05-11 14:35:10,573 basehttp 11684 1576 "GET /admin/events/venue/ HTTP/1.1" 200 16119
INFO 2025-05-11 14:35:10,573 basehttp 11684 1576 "GET /admin/events/venue/ HTTP/1.1" 200 16119
INFO 2025-05-11 14:35:10,698 basehttp 11684 1576 "GET /admin/jsi18n/ HTTP/1.1" 200 3342
INFO 2025-05-11 14:35:10,698 basehttp 11684 1576 "GET /admin/jsi18n/ HTTP/1.1" 200 3342
INFO 2025-05-11 14:35:14,206 basehttp 11684 1576 "POST /admin/events/venue/ HTTP/1.1" 200 14158
INFO 2025-05-11 14:35:14,206 basehttp 11684 1576 "POST /admin/events/venue/ HTTP/1.1" 200 14158
INFO 2025-05-11 14:35:15,162 basehttp 11684 1576 "POST /admin/events/venue/ HTTP/1.1" 302 0
INFO 2025-05-11 14:35:15,162 basehttp 11684 1576 "POST /admin/events/venue/ HTTP/1.1" 302 0
INFO 2025-05-11 14:35:15,230 basehttp 11684 1576 "GET /admin/events/venue/ HTTP/1.1" 200 14220
INFO 2025-05-11 14:35:15,230 basehttp 11684 1576 "GET /admin/events/venue/ HTTP/1.1" 200 14220
INFO 2025-05-11 14:35:15,310 basehttp 11684 1576 "GET /admin/jsi18n/ HTTP/1.1" 200 3342
INFO 2025-05-11 14:35:15,310 basehttp 11684 1576 "GET /admin/jsi18n/ HTTP/1.1" 200 3342
INFO 2025-05-11 14:35:20,647 basehttp 11684 1576 "GET /admin/events/venue/add/ HTTP/1.1" 200 16037
INFO 2025-05-11 14:35:20,647 basehttp 11684 1576 "GET /admin/events/venue/add/ HTTP/1.1" 200 16037
INFO 2025-05-11 14:35:20,689 basehttp 11684 1576 "GET /static/admin/css/forms.css HTTP/1.1" 304 0
INFO 2025-05-11 14:35:20,691 basehttp 11684 6072 "GET /static/admin/js/prepopulate_init.js HTTP/1.1" 304 0
INFO 2025-05-11 14:35:20,689 basehttp 11684 1576 "GET /static/admin/css/forms.css HTTP/1.1" 304 0
INFO 2025-05-11 14:35:20,691 basehttp 11684 6072 "GET /static/admin/js/prepopulate_init.js HTTP/1.1" 304 0
INFO 2025-05-11 14:35:20,710 basehttp 11684 6072 "GET /static/admin/css/widgets.css HTTP/1.1" 304 0
INFO 2025-05-11 14:35:20,710 basehttp 11684 6072 "GET /static/admin/css/widgets.css HTTP/1.1" 304 0
INFO 2025-05-11 14:35:20,719 basehttp 11684 6072 "GET /static/admin/js/change_form.js HTTP/1.1" 304 0
INFO 2025-05-11 14:35:20,719 basehttp 11684 6072 "GET /static/admin/js/change_form.js HTTP/1.1" 304 0
INFO 2025-05-11 14:35:20,761 basehttp 11684 21536 "GET /admin/jsi18n/ HTTP/1.1" 200 3342
INFO 2025-05-11 14:35:20,761 basehttp 11684 21536 "GET /admin/jsi18n/ HTTP/1.1" 200 3342
INFO 2025-05-11 14:35:28,105 basehttp 11684 21536 "POST /admin/events/venue/add/ HTTP/1.1" 302 0
INFO 2025-05-11 14:35:28,105 basehttp 11684 21536 "POST /admin/events/venue/add/ HTTP/1.1" 302 0
INFO 2025-05-11 14:35:28,187 basehttp 11684 21536 "GET /admin/events/venue/add/ HTTP/1.1" 200 16267
INFO 2025-05-11 14:35:28,187 basehttp 11684 21536 "GET /admin/events/venue/add/ HTTP/1.1" 200 16267
INFO 2025-05-11 14:35:28,246 basehttp 11684 21536 "GET /admin/jsi18n/ HTTP/1.1" 200 3342
INFO 2025-05-11 14:35:28,246 basehttp 11684 21536 "GET /admin/jsi18n/ HTTP/1.1" 200 3342
INFO 2025-05-11 14:35:35,725 basehttp 11684 21536 "POST /admin/events/venue/add/ HTTP/1.1" 302 0
INFO 2025-05-11 14:35:35,725 basehttp 11684 21536 "POST /admin/events/venue/add/ HTTP/1.1" 302 0
INFO 2025-05-11 14:35:35,852 basehttp 11684 21536 "GET /admin/events/venue/ HTTP/1.1" 200 16022
INFO 2025-05-11 14:35:35,852 basehttp 11684 21536 "GET /admin/events/venue/ HTTP/1.1" 200 16022
INFO 2025-05-11 14:35:35,994 basehttp 11684 21536 "GET /admin/jsi18n/ HTTP/1.1" 200 3342
INFO 2025-05-11 14:35:35,994 basehttp 11684 21536 "GET /admin/jsi18n/ HTTP/1.1" 200 3342
INFO 2025-05-11 14:35:38,360 basehttp 11684 21536 "GET /admin/events/venue/add/ HTTP/1.1" 200 16037
INFO 2025-05-11 14:35:38,360 basehttp 11684 21536 "GET /admin/events/venue/add/ HTTP/1.1" 200 16037
INFO 2025-05-11 14:35:38,491 basehttp 11684 21536 "GET /admin/jsi18n/ HTTP/1.1" 200 3342
INFO 2025-05-11 14:35:38,491 basehttp 11684 21536 "GET /admin/jsi18n/ HTTP/1.1" 200 3342
INFO 2025-05-11 14:35:46,673 basehttp 11684 21536 "POST /admin/events/venue/add/ HTTP/1.1" 302 0
INFO 2025-05-11 14:35:46,673 basehttp 11684 21536 "POST /admin/events/venue/add/ HTTP/1.1" 302 0
INFO 2025-05-11 14:35:46,783 basehttp 11684 21536 "GET /admin/events/venue/ HTTP/1.1" 200 16316
INFO 2025-05-11 14:35:46,783 basehttp 11684 21536 "GET /admin/events/venue/ HTTP/1.1" 200 16316
INFO 2025-05-11 14:35:46,882 basehttp 11684 21536 "GET /admin/jsi18n/ HTTP/1.1" 200 3342
INFO 2025-05-11 14:35:46,882 basehttp 11684 21536 "GET /admin/jsi18n/ HTTP/1.1" 200 3342
INFO 2025-05-11 14:35:48,474 basehttp 11684 21536 "GET /admin/events/event/ HTTP/1.1" 200 16052
INFO 2025-05-11 14:35:48,474 basehttp 11684 21536 "GET /admin/events/event/ HTTP/1.1" 200 16052
INFO 2025-05-11 14:35:48,611 basehttp 11684 21536 "GET /admin/jsi18n/ HTTP/1.1" 200 3342
INFO 2025-05-11 14:35:48,611 basehttp 11684 21536 "GET /admin/jsi18n/ HTTP/1.1" 200 3342
INFO 2025-05-11 14:35:50,191 basehttp 11684 21536 "GET /admin/events/event/add/ HTTP/1.1" 200 26340
INFO 2025-05-11 14:35:50,191 basehttp 11684 21536 "GET /admin/events/event/add/ HTTP/1.1" 200 26340
INFO 2025-05-11 14:35:50,244 basehttp 11684 6072 "GET /static/admin/img/icon-changelink.svg HTTP/1.1" 304 0
INFO 2025-05-11 14:35:50,244 basehttp 11684 6072 "GET /static/admin/img/icon-changelink.svg HTTP/1.1" 304 0
INFO 2025-05-11 14:35:50,286 basehttp 11684 21536 "GET /admin/jsi18n/ HTTP/1.1" 200 3342
INFO 2025-05-11 14:35:50,286 basehttp 11684 21536 "GET /admin/jsi18n/ HTTP/1.1" 200 3342
INFO 2025-05-11 14:36:21,815 basehttp 11684 21536 "POST /admin/events/event/add/ HTTP/1.1" 302 0
INFO 2025-05-11 14:36:21,815 basehttp 11684 21536 "POST /admin/events/event/add/ HTTP/1.1" 302 0
INFO 2025-05-11 14:36:21,925 basehttp 11684 21536 "GET /admin/events/event/ HTTP/1.1" 200 18642
INFO 2025-05-11 14:36:21,925 basehttp 11684 21536 "GET /admin/events/event/ HTTP/1.1" 200 18642
INFO 2025-05-11 14:36:21,975 basehttp 11684 6072 "GET /static/admin/img/icon-yes.svg HTTP/1.1" 304 0
INFO 2025-05-11 14:36:21,975 basehttp 11684 6072 "GET /static/admin/img/icon-yes.svg HTTP/1.1" 304 0
INFO 2025-05-11 14:36:22,112 basehttp 11684 21536 "GET /admin/jsi18n/ HTTP/1.1" 200 3342
INFO 2025-05-11 14:36:22,112 basehttp 11684 21536 "GET /admin/jsi18n/ HTTP/1.1" 200 3342
INFO 2025-05-11 14:36:25,072 basehttp 11684 21536 "GET /admin/events/event/15/change/ HTTP/1.1" 200 26959
INFO 2025-05-11 14:36:25,072 basehttp 11684 21536 "GET /admin/events/event/15/change/ HTTP/1.1" 200 26959
INFO 2025-05-11 14:36:25,118 basehttp 11684 6072 "GET /static/admin/js/calendar.js HTTP/1.1" 304 0
INFO 2025-05-11 14:36:25,119 basehttp 11684 1576 "GET /static/admin/js/admin/DateTimeShortcuts.js HTTP/1.1" 304 0
INFO 2025-05-11 14:36:25,118 basehttp 11684 6072 "GET /static/admin/js/calendar.js HTTP/1.1" 304 0
INFO 2025-05-11 14:36:25,119 basehttp 11684 1576 "GET /static/admin/js/admin/DateTimeShortcuts.js HTTP/1.1" 304 0
INFO 2025-05-11 14:36:25,165 basehttp 11684 1576 "GET /static/admin/img/icon-deletelink.svg HTTP/1.1" 304 0
INFO 2025-05-11 14:36:25,165 basehttp 11684 1576 "GET /static/admin/img/icon-deletelink.svg HTTP/1.1" 304 0
INFO 2025-05-11 14:36:25,223 basehttp 11684 21536 "GET /admin/jsi18n/ HTTP/1.1" 200 3342
INFO 2025-05-11 14:36:25,223 basehttp 11684 21536 "GET /admin/jsi18n/ HTTP/1.1" 200 3342
INFO 2025-05-11 14:36:25,268 basehttp 11684 21536 "GET /static/admin/img/icon-calendar.svg HTTP/1.1" 304 0
INFO 2025-05-11 14:36:25,268 basehttp 11684 21536 "GET /static/admin/img/icon-calendar.svg HTTP/1.1" 304 0
INFO 2025-05-11 14:36:25,270 basehttp 11684 1576 "GET /static/admin/img/icon-clock.svg HTTP/1.1" 304 0
INFO 2025-05-11 14:36:25,270 basehttp 11684 1576 "GET /static/admin/img/icon-clock.svg HTTP/1.1" 304 0
INFO 2025-05-11 14:36:33,188 basehttp 11684 1576 "POST /admin/events/event/15/change/ HTTP/1.1" 302 0
INFO 2025-05-11 14:36:33,188 basehttp 11684 1576 "POST /admin/events/event/15/change/ HTTP/1.1" 302 0
INFO 2025-05-11 14:36:33,294 basehttp 11684 1576 "GET /admin/events/event/ HTTP/1.1" 200 18644
INFO 2025-05-11 14:36:33,294 basehttp 11684 1576 "GET /admin/events/event/ HTTP/1.1" 200 18644
INFO 2025-05-11 14:36:33,363 basehttp 11684 1576 "GET /admin/jsi18n/ HTTP/1.1" 200 3342
INFO 2025-05-11 14:36:33,363 basehttp 11684 1576 "GET /admin/jsi18n/ HTTP/1.1" 200 3342
INFO 2025-05-11 14:36:36,770 basehttp 11684 1576 "GET /admin/events/event/ HTTP/1.1" 200 18443
INFO 2025-05-11 14:36:36,770 basehttp 11684 1576 "GET /admin/events/event/ HTTP/1.1" 200 18443
INFO 2025-05-11 14:36:36,878 basehttp 11684 1576 "GET /admin/jsi18n/ HTTP/1.1" 200 3342
INFO 2025-05-11 14:36:36,878 basehttp 11684 1576 "GET /admin/jsi18n/ HTTP/1.1" 200 3342
INFO 2025-05-11 14:36:42,671 basehttp 11684 1576 "GET /admin/events/event/15/change/ HTTP/1.1" 200 26961
INFO 2025-05-11 14:36:42,671 basehttp 11684 1576 "GET /admin/events/event/15/change/ HTTP/1.1" 200 26961
INFO 2025-05-11 14:36:42,791 basehttp 11684 1576 "GET /admin/jsi18n/ HTTP/1.1" 200 3342
INFO 2025-05-11 14:36:42,791 basehttp 11684 1576 "GET /admin/jsi18n/ HTTP/1.1" 200 3342
INFO 2025-05-11 14:36:46,705 basehttp 11684 1576 "POST /admin/events/event/15/change/ HTTP/1.1" 302 0
INFO 2025-05-11 14:36:46,705 basehttp 11684 1576 "POST /admin/events/event/15/change/ HTTP/1.1" 302 0
INFO 2025-05-11 14:36:46,826 basehttp 11684 1576 "GET /admin/events/event/ HTTP/1.1" 200 18644
INFO 2025-05-11 14:36:46,826 basehttp 11684 1576 "GET /admin/events/event/ HTTP/1.1" 200 18644
INFO 2025-05-11 14:36:46,918 basehttp 11684 1576 "GET /admin/jsi18n/ HTTP/1.1" 200 3342
INFO 2025-05-11 14:36:46,918 basehttp 11684 1576 "GET /admin/jsi18n/ HTTP/1.1" 200 3342
INFO 2025-05-11 14:36:49,853 basehttp 11684 1576 "GET /admin/events/venuebooking/ HTTP/1.1" 200 17503
INFO 2025-05-11 14:36:49,853 basehttp 11684 1576 "GET /admin/events/venuebooking/ HTTP/1.1" 200 17503
INFO 2025-05-11 14:36:50,206 basehttp 11684 1576 "GET /admin/jsi18n/ HTTP/1.1" 200 3342
INFO 2025-05-11 14:36:50,206 basehttp 11684 1576 "GET /admin/jsi18n/ HTTP/1.1" 200 3342
INFO 2025-05-11 14:36:53,967 basehttp 11684 1576 "GET /admin/events/venuebooking/ HTTP/1.1" 200 17503
INFO 2025-05-11 14:36:53,967 basehttp 11684 1576 "GET /admin/events/venuebooking/ HTTP/1.1" 200 17503
INFO 2025-05-11 14:36:54,080 basehttp 11684 1576 "GET /admin/jsi18n/ HTTP/1.1" 200 3342
INFO 2025-05-11 14:36:54,080 basehttp 11684 1576 "GET /admin/jsi18n/ HTTP/1.1" 200 3342
INFO 2025-05-11 14:36:55,437 basehttp 11684 1576 "GET /admin/events/venuebooking/ HTTP/1.1" 200 17503
INFO 2025-05-11 14:36:55,437 basehttp 11684 1576 "GET /admin/events/venuebooking/ HTTP/1.1" 200 17503
INFO 2025-05-11 14:36:55,581 basehttp 11684 1576 "GET /admin/jsi18n/ HTTP/1.1" 200 3342
INFO 2025-05-11 14:36:55,581 basehttp 11684 1576 "GET /admin/jsi18n/ HTTP/1.1" 200 3342
INFO 2025-05-11 14:37:38,320 autoreload 11684 20656 C:\Users\Bijay\Downloads\DJANGO_PROJECTS\EVENT_MANAGEMENT\HAPPENING\happening\settings.py changed, reloading.
INFO 2025-05-11 14:37:38,320 autoreload 11684 20656 C:\Users\Bijay\Downloads\DJANGO_PROJECTS\EVENT_MANAGEMENT\HAPPENING\happening\settings.py changed, reloading.
